<?xml version="1.0" encoding="UTF-8"?>
<!-- Generated by org.testng.reporters.JUnitXMLReporter -->
<testsuite ignored="3" hostname="LAPTOP-C1AEMFQ7" failures="0" tests="1" name="ChromeTest" time="4.467" errors="0" timestamp="2025-10-08T12:34:24 IST">
  <testcase classname="base.TestNGBase" name="@BeforeMethod browserInitialization" time="4.385">
    <failure type="java.lang.NullPointerException">
      <![CDATA[java.lang.NullPointerException
at java.base/java.util.Objects.requireNonNull(Objects.java:233)
at java.base/java.util.ImmutableCollections$Map1.<init>(ImmutableCollections.java:1112)
at java.base/java.util.Map.of(Map.java:1365)
at org.openqa.selenium.remote.DriverCommand.GET(DriverCommand.java:177)
at org.openqa.selenium.remote.RemoteWebDriver.get(RemoteWebDriver.java:313)
at base.TestNGBase.browserInitialization(TestNGBase.java:51)
at java.base/java.util.ArrayList.forEach(ArrayList.java:1596)
... Removed 29 stack frames]]>
    </failure>
  </testcase> <!-- @BeforeMethod browserInitialization -->
  <testcase classname="base.TestNGBase" name="@AfterMethod browserQuitClose" time="0.0">
    <skipped/>
  </testcase> <!-- @AfterMethod browserQuitClose -->
  <testcase classname="testscript.LoginTest" name="verifyvalidusernameinvalidpassword" time="0.0">
    <skipped/>
  </testcase> <!-- verifyvalidusernameinvalidpassword -->
  <testcase classname="testscript.LoginTest" name="verifyvalidusernamevalidpassword" time="0.0">
    <ignored/>
  </testcase> <!-- verifyvalidusernamevalidpassword -->
  <testcase classname="testscript.LoginTest" name="verifyinvalidusernamevalidpassword" time="0.0">
    <ignored/>
  </testcase> <!-- verifyinvalidusernamevalidpassword -->
  <testcase classname="testscript.LoginTest" name="verifyinvalidusernameinvalidpassword" time="0.0">
    <ignored/>
  </testcase> <!-- verifyinvalidusernameinvalidpassword -->
</testsuite> <!-- ChromeTest -->
